2018/03/14 16:24:30 INFO  - jmeter.util.JMeterUtils: Setting Locale to zh_CN 
2018/03/14 16:24:30 INFO  - jmeter.JMeter: Loading user properties from: G:\zm\cicp\jmeter-test\target\jmeter\bin\user.properties 
2018/03/14 16:24:30 INFO  - jmeter.JMeter: Loading system properties from: G:\zm\cicp\jmeter-test\target\jmeter\bin\system.properties 
2018/03/14 16:24:30 INFO  - jmeter.JMeter: Copyright (c) 1998-2014 The Apache Software Foundation 
2018/03/14 16:24:30 INFO  - jmeter.JMeter: Version 2.11 r1554548 
2018/03/14 16:24:30 INFO  - jmeter.JMeter: java.version=1.7.0_80 
2018/03/14 16:24:30 INFO  - jmeter.JMeter: java.vm.name=Java HotSpot(TM) 64-Bit Server VM 
2018/03/14 16:24:30 INFO  - jmeter.JMeter: os.name=Windows 8.1 
2018/03/14 16:24:30 INFO  - jmeter.JMeter: os.arch=amd64 
2018/03/14 16:24:30 INFO  - jmeter.JMeter: os.version=6.3 
2018/03/14 16:24:30 INFO  - jmeter.JMeter: file.encoding=GBK 
2018/03/14 16:24:30 INFO  - jmeter.JMeter: Default Locale=中文 (中国) 
2018/03/14 16:24:30 INFO  - jmeter.JMeter: JMeter  Locale=中文 (中国) 
2018/03/14 16:24:30 INFO  - jmeter.JMeter: JMeterHome=G:\zm\cicp\jmeter-test\target\jmeter 
2018/03/14 16:24:30 INFO  - jmeter.JMeter: user.dir  =G:\zm\cicp\jmeter-test\target\jmeter\bin 
2018/03/14 16:24:30 INFO  - jmeter.JMeter: PWD       =G:\zm\cicp\jmeter-test\target\jmeter\bin 
2018/03/14 16:24:30 INFO  - jmeter.JMeter: IP: 192.168.248.33 Name: barlow FullName: barlow 
2018/03/14 16:24:30 INFO  - jmeter.services.FileServer: Default base='G:\zm\cicp\jmeter-test\target\jmeter\bin' 
2018/03/14 16:24:30 INFO  - jmeter.services.FileServer: Set new base='G:\zm\cicp\jmeter-test\src\test\jmeter' 
2018/03/14 16:24:30 INFO  - jmeter.JMeter: Loading file: G:\zm\cicp\jmeter-test\src\test\jmeter\JmCicpTrainWorkResumeJmeter.jmx 
2018/03/14 16:24:30 INFO  - jmeter.save.SaveService: Testplan (JMX) version: 2.2. Testlog (JTL) version: 2.2 
2018/03/14 16:24:30 INFO  - jmeter.save.SaveService: Using SaveService properties file encoding UTF-8 
2018/03/14 16:24:30 INFO  - jmeter.save.SaveService: Using SaveService properties version 3.2 
2018/03/14 16:24:30 WARN  - jmeter.save.SaveService: Bad _version - expected 2.6, found 3.2. 
2018/03/14 16:24:30 INFO  - jmeter.save.SaveService: All converter versions present and correct 
2018/03/14 16:24:30 INFO  - jmeter.protocol.http.sampler.HTTPSamplerBase: Parser for text/html is org.apache.jmeter.protocol.http.parser.LagartoBasedHtmlParser 
2018/03/14 16:24:30 INFO  - jmeter.protocol.http.sampler.HTTPSamplerBase: Parser for application/xhtml+xml is org.apache.jmeter.protocol.http.parser.LagartoBasedHtmlParser 
2018/03/14 16:24:30 INFO  - jmeter.protocol.http.sampler.HTTPSamplerBase: Parser for application/xml is org.apache.jmeter.protocol.http.parser.LagartoBasedHtmlParser 
2018/03/14 16:24:30 INFO  - jmeter.protocol.http.sampler.HTTPSamplerBase: Parser for text/xml is org.apache.jmeter.protocol.http.parser.LagartoBasedHtmlParser 
2018/03/14 16:24:30 INFO  - jmeter.protocol.http.sampler.HTTPSamplerBase: Parser for text/vnd.wap.wml is org.apache.jmeter.protocol.http.parser.RegexpHTMLParser 
2018/03/14 16:24:30 INFO  - jmeter.protocol.http.sampler.HTTPSamplerBase: Parser for text/css is org.apache.jmeter.protocol.http.parser.CssParser 
2018/03/14 16:24:30 ERROR - jmeter.save.SaveService: Conversion error com.thoughtworks.xstream.converters.ConversionException: org.apache.jmeter.extractor.json.jsonpath.JSONPostProcessor : org.apache.jmeter.extractor.json.jsonpath.JSONPostProcessor
---- Debugging information ----
message             : org.apache.jmeter.extractor.json.jsonpath.JSONPostProcessor
cause-exception     : com.thoughtworks.xstream.mapper.CannotResolveClassException
cause-message       : org.apache.jmeter.extractor.json.jsonpath.JSONPostProcessor
class               : org.apache.jorphan.collections.ListedHashTree
required-type       : org.apache.jorphan.collections.ListedHashTree
converter-type      : org.apache.jmeter.save.converters.HashTreeConverter
path                : /jmeterTestPlan/hashTree/hashTree/hashTree/hashTree[2]/JSONPostProcessor
line number         : 100
------------------------------- : org.apache.jmeter.extractor.json.jsonpath.JSONPostProcessor : org.apache.jmeter.extractor.json.jsonpath.JSONPostProcessor
---- Debugging information ----
message             : org.apache.jmeter.extractor.json.jsonpath.JSONPostProcessor
cause-exception     : com.thoughtworks.xstream.mapper.CannotResolveClassException
cause-message       : org.apache.jmeter.extractor.json.jsonpath.JSONPostProcessor
class               : org.apache.jorphan.collections.ListedHashTree
required-type       : org.apache.jorphan.collections.ListedHashTree
converter-type      : org.apache.jmeter.save.converters.HashTreeConverter
path                : /jmeterTestPlan/hashTree/hashTree/hashTree/hashTree[2]/JSONPostProcessor
line number         : 100
-------------------------------
message             : org.apache.jmeter.extractor.json.jsonpath.JSONPostProcessor : org.apache.jmeter.extractor.json.jsonpath.JSONPostProcessor
---- Debugging information ----
message             : org.apache.jmeter.extractor.json.jsonpath.JSONPostProcessor
cause-exception     : com.thoughtworks.xstream.mapper.CannotResolveClassException
cause-message       : org.apache.jmeter.extractor.json.jsonpath.JSONPostProcessor
class               : org.apache.jorphan.collections.ListedHashTree
required-type       : org.apache.jorphan.collections.ListedHashTree
converter-type      : org.apache.jmeter.save.converters.HashTreeConverter
path                : /jmeterTestPlan/hashTree/hashTree/hashTree/hashTree[2]/JSONPostProcessor
line number         : 100
-------------------------------
cause-exception     : com.thoughtworks.xstream.converters.ConversionException
cause-message       : org.apache.jmeter.extractor.json.jsonpath.JSONPostProcessor : org.apache.jmeter.extractor.json.jsonpath.JSONPostProcessor
first-jmeter-class  : org.apache.jmeter.save.converters.HashTreeConverter.unmarshal(HashTreeConverter.java:65)
class               : org.apache.jmeter.save.ScriptWrapper
required-type       : org.apache.jorphan.collections.ListedHashTree
converter-type      : org.apache.jmeter.save.ScriptWrapperConverter
path                : /jmeterTestPlan/hashTree/hashTree/hashTree/hashTree[2]/JSONPostProcessor
line number         : 100
version             : 2.11 r1554548
------------------------------- 
2018/03/14 16:24:30 ERROR - jmeter.JMeter: Error in NonGUIDriver java.lang.NullPointerException
	at org.apache.jmeter.gui.tree.JMeterTreeModel.addSubTree(JMeterTreeModel.java:92)
	at org.apache.jmeter.JMeter.runNonGui(JMeter.java:754)
	at org.apache.jmeter.JMeter.startNonGui(JMeter.java:732)
	at org.apache.jmeter.JMeter.start(JMeter.java:390)
	at sun.reflect.NativeMethodAccessorImpl.invoke0(Native Method)
	at sun.reflect.NativeMethodAccessorImpl.invoke(NativeMethodAccessorImpl.java:57)
	at sun.reflect.DelegatingMethodAccessorImpl.invoke(DelegatingMethodAccessorImpl.java:43)
	at java.lang.reflect.Method.invoke(Method.java:606)
	at org.apache.jmeter.NewDriver.main(NewDriver.java:259)

